<?xml version="1.0" encoding="utf-8"?><testsuites name="pytest tests"><testsuite name="pytest" errors="0" failures="0" skipped="0" tests="18" time="7.991" timestamp="2026-08-27T18:06:12.102650+00:00" hostname="agent-env-3078e9e0-b1b3-4519-acfe-63860232a278"><testcase classname="tests.test_iter255_t1_t8" name="test_t1_cost_history_200_for_role[finance]" time="3.343" /><testcase classname="tests.test_iter255_t1_t8" name="test_t1_cost_history_200_for_role[sales_admin]" time="0.164" /><testcase classname="tests.test_iter255_t1_t8" name="test_t1_cost_history_200_for_role[warehouse]" time="0.204" /><testcase classname="tests.test_iter255_t1_t8" name="test_t1_cost_history_200_for_role[manager]" time="0.273" /><testcase classname="tests.test_iter255_t1_t8" name="test_t1_cost_history_200_for_role[admin]" time="0.279" /><testcase classname="tests.test_iter255_t1_t8" name="test_t1_cost_history_404_for_unknown_roll" time="0.192" /><testcase classname="tests.test_iter255_t1_t8" name="test_t2_finance_boards_no_note_field" time="0.239" /><testcase classname="tests.test_iter255_t1_t8" name="test_t2_warehouse_transfer_no_note_field" time="0.263" /><testcase classname="tests.test_iter255_t1_t8" name="test_t3_cycle_count_approve_default_reason" time="0.413" /><testcase classname="tests.test_iter255_t1_t8" name="test_t4_vendor_bill_approve_no_po_no_500" time="0.308" /><testcase classname="tests.test_iter255_t1_t8" name="test_t5_special_order_blocked_reason_for_creator" time="0.474" /><testcase classname="tests.test_iter255_t1_t8" name="test_t8_reasons_registry_no_cycle_count_adjustment" time="0.001" /><testcase classname="tests.test_iter255_t1_t8" name="test_home_endpoints_200[admin]" time="0.262" /><testcase classname="tests.test_iter255_t1_t8" name="test_home_endpoints_200[manager]" time="0.215" /><testcase classname="tests.test_iter255_t1_t8" name="test_home_endpoints_200[warehouse]" time="0.296" /><testcase classname="tests.test_iter255_t1_t8" name="test_home_endpoints_200[finance]" time="0.205" /><testcase classname="tests.test_iter255_t1_t8" name="test_home_endpoints_200[sales]" time="0.257" /><testcase classname="tests.test_iter255_t1_t8" name="test_login_returns_token_field" time="0.510" /></testsuite></testsuites>