<?xml version="1.0" encoding="utf-8"?><testsuites name="pytest tests"><testsuite name="pytest" errors="0" failures="0" skipped="0" tests="53" time="17.438" timestamp="2026-08-27T18:17:12.593393+00:00" hostname="agent-env-3078e9e0-b1b3-4519-acfe-63860232a278"><testcase classname="tests.test_iter256_e2e_flow_sweep" name="test_login_all_roles[admin]" time="0.645" /><testcase classname="tests.test_iter256_e2e_flow_sweep" name="test_login_all_roles[manager]" time="0.400" /><testcase classname="tests.test_iter256_e2e_flow_sweep" name="test_login_all_roles[finance]" time="0.384" /><testcase classname="tests.test_iter256_e2e_flow_sweep" name="test_login_all_roles[warehouse]" time="0.361" /><testcase classname="tests.test_iter256_e2e_flow_sweep" name="test_login_all_roles[salesadmin]" time="0.395" /><testcase classname="tests.test_iter256_e2e_flow_sweep" name="test_login_all_roles[sales]" time="0.407" /><testcase classname="tests.test_iter256_e2e_flow_sweep" name="test_login_all_roles[sales3]" time="0.361" /><testcase classname="tests.test_iter256_e2e_flow_sweep" name="test_login_all_roles[designer]" time="0.374" /><testcase classname="tests.test_iter256_e2e_flow_sweep" name="test_login_all_roles[mgr_printing]" time="0.406" /><testcase classname="tests.test_iter256_e2e_flow_sweep" name="test_login_all_roles[dewi_printing]" time="0.458" /><testcase classname="tests.test_iter256_e2e_flow_sweep" name="test_home_no_5xx[admin]" time="0.620" /><testcase classname="tests.test_iter256_e2e_flow_sweep" name="test_home_no_5xx[manager]" time="0.688" /><testcase classname="tests.test_iter256_e2e_flow_sweep" name="test_home_no_5xx[finance]" time="0.590" /><testcase classname="tests.test_iter256_e2e_flow_sweep" name="test_home_no_5xx[warehouse]" time="0.546" /><testcase classname="tests.test_iter256_e2e_flow_sweep" name="test_home_no_5xx[sales]" time="0.651" /><testcase classname="tests.test_iter256_e2e_flow_sweep" name="test_home_salesadmin_designer_have_own_endpoint_or_reuse" time="1.046" /><testcase classname="tests.test_iter256_e2e_flow_sweep" name="test_inventory_reconciliation_admin" time="0.232" /><testcase classname="tests.test_iter256_e2e_flow_sweep" name="test_inventory_reconciliation_finance" time="0.271" /><testcase classname="tests.test_iter256_e2e_flow_sweep" name="test_inventory_reconciliation_salesadmin" time="0.159" /><testcase classname="tests.test_iter256_e2e_flow_sweep" name="test_gl_summary" time="0.136" /><testcase classname="tests.test_iter256_e2e_flow_sweep" name="test_gl_journals_list" time="0.177" /><testcase classname="tests.test_iter256_e2e_flow_sweep" name="test_pr_list" time="0.152" /><testcase classname="tests.test_iter256_e2e_flow_sweep" name="test_po_list" time="0.181" /><testcase classname="tests.test_iter256_e2e_flow_sweep" name="test_vendor_bills_list" time="0.288" /><testcase classname="tests.test_iter256_e2e_flow_sweep" name="test_grn_list" time="0.133" /><testcase classname="tests.test_iter256_e2e_flow_sweep" name="test_so_list" time="0.168" /><testcase classname="tests.test_iter256_e2e_flow_sweep" name="test_deliveries_list" time="0.179" /><testcase classname="tests.test_iter256_e2e_flow_sweep" name="test_tax_invoices_list" time="0.155" /><testcase classname="tests.test_iter256_e2e_flow_sweep" name="test_ar_receipts_list" time="0.249" /><testcase classname="tests.test_iter256_e2e_flow_sweep" name="test_ar_aging" time="0.150" /><testcase classname="tests.test_iter256_e2e_flow_sweep" name="test_wms_stock" time="0.164" /><testcase classname="tests.test_iter256_e2e_flow_sweep" name="test_transfers_list" time="0.159" /><testcase classname="tests.test_iter256_e2e_flow_sweep" name="test_cycle_count_list" time="0.158" /><testcase classname="tests.test_iter256_e2e_flow_sweep" name="test_outbound_picking" time="0.453" /><testcase classname="tests.test_iter256_e2e_flow_sweep" name="test_contra_bons_list" time="0.166" /><testcase classname="tests.test_iter256_e2e_flow_sweep" name="test_interco_list" time="0.239" /><testcase classname="tests.test_iter256_e2e_flow_sweep" name="test_interco_balances" time="0.331" /><testcase classname="tests.test_iter256_e2e_flow_sweep" name="test_sales_returns" time="0.174" /><testcase classname="tests.test_iter256_e2e_flow_sweep" name="test_purchase_returns" time="0.157" /><testcase classname="tests.test_iter256_e2e_flow_sweep" name="test_closing_status" time="0.343" /><testcase classname="tests.test_iter256_e2e_flow_sweep" name="test_financial_statements" time="0.341" /><testcase classname="tests.test_iter256_e2e_flow_sweep" name="test_production_list" time="0.144" /><testcase classname="tests.test_iter256_e2e_flow_sweep" name="test_makloon_list" time="0.200" /><testcase classname="tests.test_iter256_e2e_flow_sweep" name="test_qc_inspections" time="0.144" /><testcase classname="tests.test_iter256_e2e_flow_sweep" name="test_design_requests_list" time="0.155" /><testcase classname="tests.test_iter256_e2e_flow_sweep" name="test_design_gallery" time="0.138" /><testcase classname="tests.test_iter256_e2e_flow_sweep" name="test_hr_leave_list" time="0.180" /><testcase classname="tests.test_iter256_e2e_flow_sweep" name="test_hr_payroll_list" time="0.129" /><testcase classname="tests.test_iter256_e2e_flow_sweep" name="test_sales3_home_entity_kanda" time="0.634" /><testcase classname="tests.test_iter256_e2e_flow_sweep" name="test_all_entities_view_only_write_rejected" time="0.532" /><testcase classname="tests.test_iter256_e2e_flow_sweep" name="test_admin_home_boards_shape" time="0.211" /><testcase classname="tests.test_iter256_e2e_flow_sweep" name="test_manager_printing_line_gate_po_board" time="0.599" /><testcase classname="tests.test_iter256_e2e_flow_sweep" name="test_home_idempotent_finance" time="0.300" /></testsuite></testsuites>