<?xml version="1.0" encoding="utf-8"?><testsuites name="pytest tests"><testsuite name="pytest" errors="0" failures="0" skipped="1" tests="15" time="4.867" timestamp="2026-08-27T18:54:17.844694+00:00" hostname="agent-env-3078e9e0-b1b3-4519-acfe-63860232a278"><testcase classname="tests.test_iter258_purchase_e2e_and_recon.TestRantaiBeli" name="test_01_create_pr" time="1.419" /><testcase classname="tests.test_iter258_purchase_e2e_and_recon.TestRantaiBeli" name="test_02_pr_approve_by_manager_sod" time="0.381" /><testcase classname="tests.test_iter258_purchase_e2e_and_recon.TestRantaiBeli" name="test_03_create_po" time="0.115" /><testcase classname="tests.test_iter258_purchase_e2e_and_recon.TestRantaiBeli" name="test_04_po_approve_sod" time="0.178" /><testcase classname="tests.test_iter258_purchase_e2e_and_recon.TestRantaiBeli" name="test_05_find_inbound_task" time="0.529" /><testcase classname="tests.test_iter258_purchase_e2e_and_recon.TestRantaiBeli" name="test_06_scan_receive_and_complete" time="0.257" /><testcase classname="tests.test_iter258_purchase_e2e_and_recon.TestRantaiBeli" name="test_07_verify_roll_created" time="0.243" /><testcase classname="tests.test_iter258_purchase_e2e_and_recon.TestRantaiBeli" name="test_08_create_vendor_bill" time="0.132" /><testcase classname="tests.test_iter258_purchase_e2e_and_recon.TestRantaiBeli" name="test_09_vb_approve_sod" time="0.522" /><testcase classname="tests.test_iter258_purchase_e2e_and_recon.TestRantaiBeli" name="test_10_journals_balanced" time="0.245" /><testcase classname="tests.test_iter258_purchase_e2e_and_recon.TestReconPrecision" name="test_recon_shape" time="0.103" /><testcase classname="tests.test_iter258_purchase_e2e_and_recon.TestReconPrecision" name="test_drift_explain_matches_recon" time="0.271" /><testcase classname="tests.test_iter258_purchase_e2e_and_recon.TestReconPrecision" name="test_no_new_drift_beyond_rp1" time="0.000" /><testcase classname="tests.test_iter258_purchase_e2e_and_recon.TestReconPrecision" name="test_opening_balance_no_post_without_flag" time="0.266" /><testcase classname="tests.test_iter258_purchase_e2e_and_recon.TestReconPrecision" name="test_opening_balance_with_rounding_flag" time="0.113"><skipped type="pytest.skip" message="no rounding-only residue to clean up">/app/backend/tests/test_iter258_purchase_e2e_and_recon.py:387: no rounding-only residue to clean up</skipped></testcase></testsuite></testsuites>