<?xml version="1.0" encoding="utf-8"?><testsuites name="pytest tests"><testsuite name="pytest" errors="0" failures="0" skipped="0" tests="8" time="5.092" timestamp="2026-08-25T20:28:23.610447+00:00" hostname="agent-env-3c29a41b-d607-4a6d-89db-f089acbdc11c"><testcase classname="tests.test_iter254_session_2026_06c.TestVendorBillAmount" name="test_finance_home_shows_amount_for_vendor_bill_and_contra_bon" time="0.882" /><testcase classname="tests.test_iter254_session_2026_06c.TestVendorBillAmount" name="test_non_regression_transfer_cycle_count" time="0.302" /><testcase classname="tests.test_iter254_session_2026_06c.TestActionableBoards" name="test_admin_has_action_on_rows" time="0.264" /><testcase classname="tests.test_iter254_session_2026_06c.TestActionableBoards" name="test_finance_has_no_action_on_vendor_bill" time="0.546" /><testcase classname="tests.test_iter254_session_2026_06c.TestActionableBoards" name="test_dispute_and_hold_always_null" time="0.308" /><testcase classname="tests.test_iter254_session_2026_06c.TestActionableBoards" name="test_action_path_actually_approves" time="1.464" /><testcase classname="tests.test_iter254_session_2026_06c.TestRollCostHistory" name="test_cost_history_endpoint_shape" time="0.536" /><testcase classname="tests.test_iter254_session_2026_06c.TestRollCostHistory" name="test_cross_entity_403" time="0.683" /></testsuite></testsuites>