<?xml version="1.0" encoding="utf-8"?><testsuites name="pytest tests"><testsuite name="pytest" errors="0" failures="0" skipped="0" tests="7" time="3.057" timestamp="2026-08-25T18:54:37.123487+00:00" hostname="agent-env-3c29a41b-d607-4a6d-89db-f089acbdc11c"><testcase classname="tests.test_iter253_session_2026_06b" name="test_drift_explain_has_ref[ent_ksc]" time="0.639" /><testcase classname="tests.test_iter253_session_2026_06b" name="test_drift_explain_has_ref[ent_kanda]" time="0.135" /><testcase classname="tests.test_iter253_session_2026_06b" name="test_notifications_pagination_envelope" time="0.521" /><testcase classname="tests.test_iter253_session_2026_06b" name="test_notifications_no_params_returns_bare_array" time="0.212" /><testcase classname="tests.test_iter253_session_2026_06b" name="test_notifications_isolation_sales3" time="0.651" /><testcase classname="tests.test_iter253_session_2026_06b" name="test_finance_home_boards" time="0.664" /><testcase classname="tests.test_iter253_session_2026_06b" name="test_finance_home_forbidden_other_entity" time="0.141" /></testsuite></testsuites>